<?xml version="1.0" encoding="UTF-8"?>
<!-- Generated by org.testng.reporters.JUnitXMLReporter -->
<testsuite ignored="0" hostname="DESKTOP-BK6811T" failures="0" tests="9" name="Surefire test" time="49.478" errors="0" timestamp="2025-06-08T00:43:38 IST">
  <testcase classname="SwagLabsProject.SAuceProject.TestDataRunner" name="runExcelTest" time="0.022"/>
  <testcase classname="SwagLabsProject.SAuceProject.TestDataRunner" name="runExcelTest" time="0.001"/>
  <testcase classname="SwagLabsProject.SAuceProject.TestDataRunner" name="runExcelTest" time="0.001"/>
  <testcase classname="SwagLabsProject.SAuceProject.TestDataRunner" name="runExcelTest" time="0.0"/>
  <testcase classname="SwagLabsProject.SAuceProject.TestRunner2" name="submitOrder" time="4.031"/>
  <testcase classname="SwagLabsProject.SAuceProject.TestRunner3" name="LoginTest" time="0.691"/>
  <testcase classname="SwagLabsProject.SAuceProject.TestRunner3" name="LoginTest" time="1.07"/>
  <testcase classname="SwagLabsProject.SAuceProject.TestRunner3" name="LoginTest" time="1.063"/>
  <testcase classname="SwagLabsProject.SAuceProject.TestRunner3" name="LoginTest" time="1.26"/>
</testsuite> <!-- Surefire test -->
