<?xml version="1.0" encoding="UTF-8"?>
<!-- Generated by org.testng.reporters.JUnitXMLReporter -->
<testsuite ignored="0" hostname="DESKTOP-BK6811T" failures="0" tests="4" name="Default test" time="30.502" errors="0" timestamp="2025-06-08T00:05:18 IST">
  <testcase classname="SwagLabsProject.SAuceProject.TestRunner3" name="LoginTest" time="1.107"/>
  <testcase classname="SwagLabsProject.SAuceProject.TestRunner3" name="LoginTest" time="0.763"/>
  <testcase classname="SwagLabsProject.SAuceProject.TestRunner3" name="LoginTest" time="0.711"/>
  <testcase classname="SwagLabsProject.SAuceProject.TestRunner3" name="LoginTest" time="0.99"/>
</testsuite> <!-- Default test -->
