<?xml version="1.0" encoding="UTF-8"?>
<testng-results ignored="0" total="9" passed="9" failed="0" skipped="0">
  <reporter-output>
  </reporter-output>
  <suite started-at="2025-06-08T00:42:49 IST" name="Surefire suite" finished-at="2025-06-08T00:43:38 IST" duration-ms="49478">
    <groups>
    </groups>
    <test started-at="2025-06-08T00:42:49 IST" name="Surefire test" finished-at="2025-06-08T00:43:38 IST" duration-ms="49478">
      <class name="SwagLabsProject.SAuceProject.TestRunner3">
        <test-method is-config="true" signature="initialSetup()[pri:0, instance:SwagLabsProject.SAuceProject.TestRunner3@5db45159]" started-at="2025-06-08T00:43:12 IST" name="initialSetup" finished-at="2025-06-08T00:43:17 IST" duration-ms="4959" status="PASS">
          <reporter-output>
          </reporter-output>
        </test-method> <!-- initialSetup -->
        <test-method signature="LoginTest(java.lang.String, java.lang.String, java.lang.String)[pri:0, instance:SwagLabsProject.SAuceProject.TestRunner3@5db45159]" started-at="2025-06-08T00:43:17 IST" name="LoginTest" data-provider="loginExcelDataProvider" finished-at="2025-06-08T00:43:17 IST" duration-ms="691" status="PASS">
          <params>
            <param index="0">
              <value>
                <![CDATA[standard_user]]>
              </value>
            </param>
            <param index="1">
              <value>
                <![CDATA[test]]>
              </value>
            </param>
            <param index="2">
              <value>
                <![CDATA[Fail]]>
              </value>
            </param>
          </params>
          <reporter-output>
          </reporter-output>
        </test-method> <!-- LoginTest -->
        <test-method is-config="true" signature="teardown()[pri:0, instance:SwagLabsProject.SAuceProject.TestRunner3@5db45159]" started-at="2025-06-08T00:43:17 IST" name="teardown" finished-at="2025-06-08T00:43:18 IST" duration-ms="918" status="PASS">
          <reporter-output>
          </reporter-output>
        </test-method> <!-- teardown -->
        <test-method is-config="true" signature="initialSetup()[pri:0, instance:SwagLabsProject.SAuceProject.TestRunner3@5db45159]" started-at="2025-06-08T00:43:18 IST" name="initialSetup" finished-at="2025-06-08T00:43:22 IST" duration-ms="3717" status="PASS">
          <reporter-output>
          </reporter-output>
        </test-method> <!-- initialSetup -->
        <test-method signature="LoginTest(java.lang.String, java.lang.String, java.lang.String)[pri:0, instance:SwagLabsProject.SAuceProject.TestRunner3@5db45159]" started-at="2025-06-08T00:43:22 IST" name="LoginTest" data-provider="loginExcelDataProvider" finished-at="2025-06-08T00:43:23 IST" duration-ms="1070" status="PASS">
          <params>
            <param index="0">
              <value>
                <![CDATA[test]]>
              </value>
            </param>
            <param index="1">
              <value>
                <![CDATA[secret_sauce]]>
              </value>
            </param>
            <param index="2">
              <value>
                <![CDATA[Fail]]>
              </value>
            </param>
          </params>
          <reporter-output>
          </reporter-output>
        </test-method> <!-- LoginTest -->
        <test-method is-config="true" signature="teardown()[pri:0, instance:SwagLabsProject.SAuceProject.TestRunner3@5db45159]" started-at="2025-06-08T00:43:23 IST" name="teardown" finished-at="2025-06-08T00:43:24 IST" duration-ms="1049" status="PASS">
          <reporter-output>
          </reporter-output>
        </test-method> <!-- teardown -->
        <test-method is-config="true" signature="initialSetup()[pri:0, instance:SwagLabsProject.SAuceProject.TestRunner3@5db45159]" started-at="2025-06-08T00:43:24 IST" name="initialSetup" finished-at="2025-06-08T00:43:28 IST" duration-ms="4400" status="PASS">
          <reporter-output>
          </reporter-output>
        </test-method> <!-- initialSetup -->
        <test-method signature="LoginTest(java.lang.String, java.lang.String, java.lang.String)[pri:0, instance:SwagLabsProject.SAuceProject.TestRunner3@5db45159]" started-at="2025-06-08T00:43:28 IST" name="LoginTest" data-provider="loginExcelDataProvider" finished-at="2025-06-08T00:43:29 IST" duration-ms="1063" status="PASS">
          <params>
            <param index="0">
              <value>
                <![CDATA[test]]>
              </value>
            </param>
            <param index="1">
              <value>
                <![CDATA[test]]>
              </value>
            </param>
            <param index="2">
              <value>
                <![CDATA[Fail]]>
              </value>
            </param>
          </params>
          <reporter-output>
          </reporter-output>
        </test-method> <!-- LoginTest -->
        <test-method is-config="true" signature="teardown()[pri:0, instance:SwagLabsProject.SAuceProject.TestRunner3@5db45159]" started-at="2025-06-08T00:43:29 IST" name="teardown" finished-at="2025-06-08T00:43:31 IST" duration-ms="1162" status="PASS">
          <reporter-output>
          </reporter-output>
        </test-method> <!-- teardown -->
        <test-method is-config="true" signature="initialSetup()[pri:0, instance:SwagLabsProject.SAuceProject.TestRunner3@5db45159]" started-at="2025-06-08T00:43:31 IST" name="initialSetup" finished-at="2025-06-08T00:43:36 IST" duration-ms="4893" status="PASS">
          <reporter-output>
          </reporter-output>
        </test-method> <!-- initialSetup -->
        <test-method signature="LoginTest(java.lang.String, java.lang.String, java.lang.String)[pri:0, instance:SwagLabsProject.SAuceProject.TestRunner3@5db45159]" started-at="2025-06-08T00:43:36 IST" name="LoginTest" data-provider="loginExcelDataProvider" finished-at="2025-06-08T00:43:37 IST" duration-ms="1260" status="PASS">
          <params>
            <param index="0">
              <value>
                <![CDATA[standard_user]]>
              </value>
            </param>
            <param index="1">
              <value>
                <![CDATA[secret_sauce]]>
              </value>
            </param>
            <param index="2">
              <value>
                <![CDATA[Pass]]>
              </value>
            </param>
          </params>
          <reporter-output>
          </reporter-output>
        </test-method> <!-- LoginTest -->
        <test-method is-config="true" signature="teardown()[pri:0, instance:SwagLabsProject.SAuceProject.TestRunner3@5db45159]" started-at="2025-06-08T00:43:37 IST" name="teardown" finished-at="2025-06-08T00:43:38 IST" duration-ms="1301" status="PASS">
          <reporter-output>
          </reporter-output>
        </test-method> <!-- teardown -->
      </class> <!-- SwagLabsProject.SAuceProject.TestRunner3 -->
      <class name="SwagLabsProject.SAuceProject.TestDataRunner">
        <test-method signature="runExcelTest(java.lang.String, java.lang.String, java.lang.String)[pri:0, instance:SwagLabsProject.SAuceProject.TestDataRunner@37e547da]" started-at="2025-06-08T00:42:54 IST" name="runExcelTest" data-provider="loginExcelDataProvider" finished-at="2025-06-08T00:42:54 IST" duration-ms="22" status="PASS">
          <params>
            <param index="0">
              <value>
                <![CDATA[standard_user]]>
              </value>
            </param>
            <param index="1">
              <value>
                <![CDATA[test]]>
              </value>
            </param>
            <param index="2">
              <value>
                <![CDATA[Fail]]>
              </value>
            </param>
          </params>
          <reporter-output>
          </reporter-output>
        </test-method> <!-- runExcelTest -->
        <test-method signature="runExcelTest(java.lang.String, java.lang.String, java.lang.String)[pri:0, instance:SwagLabsProject.SAuceProject.TestDataRunner@37e547da]" started-at="2025-06-08T00:42:54 IST" name="runExcelTest" data-provider="loginExcelDataProvider" finished-at="2025-06-08T00:42:54 IST" duration-ms="1" status="PASS">
          <params>
            <param index="0">
              <value>
                <![CDATA[test]]>
              </value>
            </param>
            <param index="1">
              <value>
                <![CDATA[secret_sauce]]>
              </value>
            </param>
            <param index="2">
              <value>
                <![CDATA[Fail]]>
              </value>
            </param>
          </params>
          <reporter-output>
          </reporter-output>
        </test-method> <!-- runExcelTest -->
        <test-method signature="runExcelTest(java.lang.String, java.lang.String, java.lang.String)[pri:0, instance:SwagLabsProject.SAuceProject.TestDataRunner@37e547da]" started-at="2025-06-08T00:42:54 IST" name="runExcelTest" data-provider="loginExcelDataProvider" finished-at="2025-06-08T00:42:54 IST" duration-ms="1" status="PASS">
          <params>
            <param index="0">
              <value>
                <![CDATA[test]]>
              </value>
            </param>
            <param index="1">
              <value>
                <![CDATA[test]]>
              </value>
            </param>
            <param index="2">
              <value>
                <![CDATA[Fail]]>
              </value>
            </param>
          </params>
          <reporter-output>
          </reporter-output>
        </test-method> <!-- runExcelTest -->
        <test-method signature="runExcelTest(java.lang.String, java.lang.String, java.lang.String)[pri:0, instance:SwagLabsProject.SAuceProject.TestDataRunner@37e547da]" started-at="2025-06-08T00:42:54 IST" name="runExcelTest" data-provider="loginExcelDataProvider" finished-at="2025-06-08T00:42:54 IST" duration-ms="0" status="PASS">
          <params>
            <param index="0">
              <value>
                <![CDATA[standard_user]]>
              </value>
            </param>
            <param index="1">
              <value>
                <![CDATA[secret_sauce]]>
              </value>
            </param>
            <param index="2">
              <value>
                <![CDATA[Pass]]>
              </value>
            </param>
          </params>
          <reporter-output>
          </reporter-output>
        </test-method> <!-- runExcelTest -->
      </class> <!-- SwagLabsProject.SAuceProject.TestDataRunner -->
      <class name="SwagLabsProject.SAuceProject.TestRunner2">
        <test-method is-config="true" signature="initialSetup()[pri:0, instance:SwagLabsProject.SAuceProject.TestRunner2@2b6856dd]" started-at="2025-06-08T00:42:54 IST" name="initialSetup" finished-at="2025-06-08T00:43:06 IST" duration-ms="11555" status="PASS">
          <reporter-output>
          </reporter-output>
        </test-method> <!-- initialSetup -->
        <test-method signature="submitOrder(java.lang.String, java.lang.String, java.lang.String, java.lang.String)[pri:0, instance:SwagLabsProject.SAuceProject.TestRunner2@2b6856dd]" started-at="2025-06-08T00:43:06 IST" name="submitOrder" data-provider="submitOrderExcelDataProvider" finished-at="2025-06-08T00:43:10 IST" duration-ms="4031" status="PASS">
          <params>
            <param index="0">
              <value>
                <![CDATA[Jacket]]>
              </value>
            </param>
            <param index="1">
              <value>
                <![CDATA[Avvaru]]>
              </value>
            </param>
            <param index="2">
              <value>
                <![CDATA[Nagarjuna]]>
              </value>
            </param>
            <param index="3">
              <value>
                <![CDATA[516434A]]>
              </value>
            </param>
          </params>
          <reporter-output>
          </reporter-output>
        </test-method> <!-- submitOrder -->
        <test-method is-config="true" signature="teardown()[pri:0, instance:SwagLabsProject.SAuceProject.TestRunner2@2b6856dd]" started-at="2025-06-08T00:43:10 IST" name="teardown" finished-at="2025-06-08T00:43:11 IST" duration-ms="1914" status="PASS">
          <reporter-output>
          </reporter-output>
        </test-method> <!-- teardown -->
      </class> <!-- SwagLabsProject.SAuceProject.TestRunner2 -->
    </test> <!-- Surefire test -->
  </suite> <!-- Surefire suite -->
</testng-results>
