<?xml version="1.0" encoding="UTF-8"?>
<testsuite xmlns:xsi="http://www.w3.org/2001/XMLSchema-instance" xsi:noNamespaceSchemaLocation="https://maven.apache.org/surefire/maven-surefire-plugin/xsd/surefire-test-report-3.0.xsd" version="3.0" name="TestSuite" time="50.75" tests="9" errors="0" skipped="0" failures="0">
  <properties>
[...]
</properties>
  <testcase name="runExcelTest[standard_user, test, Fail](1)" classname="SwagLabsProject.SAuceProject.TestDataRunner" time="0.021">
    <system-out><![CDATA[2025-06-07T19:12:49.369693200Z main ERROR Log4j API could not find a logging provider.
standard_user test Fail
]]></system-out>
  </testcase>
  <testcase name="runExcelTest[test, secret_sauce, Fail](2)" classname="SwagLabsProject.SAuceProject.TestDataRunner" time="0.003">
    <system-out><![CDATA[test secret_sauce Fail
]]></system-out>
  </testcase>
  <testcase name="runExcelTest[test, test, Fail](3)" classname="SwagLabsProject.SAuceProject.TestDataRunner" time="0.004">
    <system-out><![CDATA[test test Fail
]]></system-out>
  </testcase>
  <testcase name="runExcelTest[standard_user, secret_sauce, Pass](4)" classname="SwagLabsProject.SAuceProject.TestDataRunner" time="0.007">
    <system-out><![CDATA[standard_user secret_sauce Pass
]]></system-out>
  </testcase>
  <testcase name="submitOrder[Jacket, Avvaru, Nagarjuna, 516434A](1)" classname="SwagLabsProject.SAuceProject.TestRunner2" time="4.024">
    <system-err><![CDATA[Jun 08, 2025 12:43:04 AM org.openqa.selenium.devtools.CdpVersionFinder findNearestMatch
WARNING: Unable to find CDP implementation matching 137
Jun 08, 2025 12:43:04 AM org.openqa.selenium.chromium.ChromiumDriver lambda$new$4
WARNING: Unable to find version of CDP to use for 137.0.7151.68. You may need to include a dependency on a specific version of the CDP using something similar to `org.seleniumhq.selenium:selenium-devtools-v86:4.28.1` where the version ("v86") matches the version of the chromium-based browser you're using and the version number of the artifact is the same as Selenium's.
]]></system-err>
  </testcase>
  <testcase name="LoginTest[standard_user, test, Fail](1)" classname="SwagLabsProject.SAuceProject.TestRunner3" time="0.688">
    <system-err><![CDATA[Jun 08, 2025 12:43:14 AM org.openqa.selenium.devtools.CdpVersionFinder findNearestMatch
WARNING: Unable to find CDP implementation matching 137
Jun 08, 2025 12:43:14 AM org.openqa.selenium.chromium.ChromiumDriver lambda$new$4
WARNING: Unable to find version of CDP to use for 137.0.7151.68. You may need to include a dependency on a specific version of the CDP using something similar to `org.seleniumhq.selenium:selenium-devtools-v86:4.28.1` where the version ("v86") matches the version of the chromium-based browser you're using and the version number of the artifact is the same as Selenium's.
]]></system-err>
  </testcase>
  <testcase name="LoginTest[test, secret_sauce, Fail](2)" classname="SwagLabsProject.SAuceProject.TestRunner3" time="1.07">
    <system-err><![CDATA[Jun 08, 2025 12:43:20 AM org.openqa.selenium.devtools.CdpVersionFinder findNearestMatch
WARNING: Unable to find CDP implementation matching 137
Jun 08, 2025 12:43:20 AM org.openqa.selenium.chromium.ChromiumDriver lambda$new$4
WARNING: Unable to find version of CDP to use for 137.0.7151.68. You may need to include a dependency on a specific version of the CDP using something similar to `org.seleniumhq.selenium:selenium-devtools-v86:4.28.1` where the version ("v86") matches the version of the chromium-based browser you're using and the version number of the artifact is the same as Selenium's.
]]></system-err>
  </testcase>
  <testcase name="LoginTest[test, test, Fail](3)" classname="SwagLabsProject.SAuceProject.TestRunner3" time="1.063">
    <system-err><![CDATA[Jun 08, 2025 12:43:27 AM org.openqa.selenium.devtools.CdpVersionFinder findNearestMatch
WARNING: Unable to find CDP implementation matching 137
Jun 08, 2025 12:43:27 AM org.openqa.selenium.chromium.ChromiumDriver lambda$new$4
WARNING: Unable to find version of CDP to use for 137.0.7151.68. You may need to include a dependency on a specific version of the CDP using something similar to `org.seleniumhq.selenium:selenium-devtools-v86:4.28.1` where the version ("v86") matches the version of the chromium-based browser you're using and the version number of the artifact is the same as Selenium's.
]]></system-err>
  </testcase>
  <testcase name="LoginTest[standard_user, secret_sauce, Pass](4)" classname="SwagLabsProject.SAuceProject.TestRunner3" time="1.262">
    <system-err><![CDATA[Jun 08, 2025 12:43:32 AM org.openqa.selenium.devtools.CdpVersionFinder findNearestMatch
WARNING: Unable to find CDP implementation matching 137
Jun 08, 2025 12:43:32 AM org.openqa.selenium.chromium.ChromiumDriver lambda$new$4
WARNING: Unable to find version of CDP to use for 137.0.7151.68. You may need to include a dependency on a specific version of the CDP using something similar to `org.seleniumhq.selenium:selenium-devtools-v86:4.28.1` where the version ("v86") matches the version of the chromium-based browser you're using and the version number of the artifact is the same as Selenium's.
]]></system-err>
  </testcase>
</testsuite>