<?xml version="1.0" encoding="UTF-8"?>
<testng-results ignored="0" total="4" passed="4" failed="0" skipped="0">
  <reporter-output>
  </reporter-output>
  <suite started-at="2025-06-08T00:04:47 IST" name="Default suite" finished-at="2025-06-08T00:05:17 IST" duration-ms="30502">
    <groups>
    </groups>
    <test started-at="2025-06-08T00:04:47 IST" name="Default test" finished-at="2025-06-08T00:05:17 IST" duration-ms="30502">
      <class name="SwagLabsProject.SAuceProject.TestRunner3">
        <test-method is-config="true" signature="initialSetup()[pri:0, instance:SwagLabsProject.SAuceProject.TestRunner3@459e9125]" started-at="2025-06-08T00:04:49 IST" name="initialSetup" finished-at="2025-06-08T00:04:55 IST" duration-ms="6260" status="PASS">
          <reporter-output>
          </reporter-output>
        </test-method> <!-- initialSetup -->
        <test-method signature="LoginTest(java.lang.String,java.lang.String,java.lang.String)[pri:0, instance:SwagLabsProject.SAuceProject.TestRunner3@459e9125]" started-at="2025-06-08T00:04:55 IST" name="LoginTest" data-provider="loginExcelDataProvider" finished-at="2025-06-08T00:04:56 IST" duration-ms="1107" status="PASS">
          <params>
            <param index="0">
              <value>
                <![CDATA[standard_user]]>
              </value>
            </param>
            <param index="1">
              <value>
                <![CDATA[test]]>
              </value>
            </param>
            <param index="2">
              <value>
                <![CDATA[Fail]]>
              </value>
            </param>
          </params>
          <reporter-output>
          </reporter-output>
        </test-method> <!-- LoginTest -->
        <test-method is-config="true" signature="teardown()[pri:0, instance:SwagLabsProject.SAuceProject.TestRunner3@459e9125]" started-at="2025-06-08T00:04:56 IST" name="teardown" finished-at="2025-06-08T00:04:57 IST" duration-ms="1175" status="PASS">
          <reporter-output>
          </reporter-output>
        </test-method> <!-- teardown -->
        <test-method is-config="true" signature="initialSetup()[pri:0, instance:SwagLabsProject.SAuceProject.TestRunner3@459e9125]" started-at="2025-06-08T00:04:57 IST" name="initialSetup" finished-at="2025-06-08T00:05:02 IST" duration-ms="4932" status="PASS">
          <reporter-output>
          </reporter-output>
        </test-method> <!-- initialSetup -->
        <test-method signature="LoginTest(java.lang.String,java.lang.String,java.lang.String)[pri:0, instance:SwagLabsProject.SAuceProject.TestRunner3@459e9125]" started-at="2025-06-08T00:05:02 IST" name="LoginTest" data-provider="loginExcelDataProvider" finished-at="2025-06-08T00:05:03 IST" duration-ms="763" status="PASS">
          <params>
            <param index="0">
              <value>
                <![CDATA[test]]>
              </value>
            </param>
            <param index="1">
              <value>
                <![CDATA[secret_sauce]]>
              </value>
            </param>
            <param index="2">
              <value>
                <![CDATA[Fail]]>
              </value>
            </param>
          </params>
          <reporter-output>
          </reporter-output>
        </test-method> <!-- LoginTest -->
        <test-method is-config="true" signature="teardown()[pri:0, instance:SwagLabsProject.SAuceProject.TestRunner3@459e9125]" started-at="2025-06-08T00:05:03 IST" name="teardown" finished-at="2025-06-08T00:05:04 IST" duration-ms="847" status="PASS">
          <reporter-output>
          </reporter-output>
        </test-method> <!-- teardown -->
        <test-method is-config="true" signature="initialSetup()[pri:0, instance:SwagLabsProject.SAuceProject.TestRunner3@459e9125]" started-at="2025-06-08T00:05:04 IST" name="initialSetup" finished-at="2025-06-08T00:05:09 IST" duration-ms="4811" status="PASS">
          <reporter-output>
          </reporter-output>
        </test-method> <!-- initialSetup -->
        <test-method signature="LoginTest(java.lang.String,java.lang.String,java.lang.String)[pri:0, instance:SwagLabsProject.SAuceProject.TestRunner3@459e9125]" started-at="2025-06-08T00:05:09 IST" name="LoginTest" data-provider="loginExcelDataProvider" finished-at="2025-06-08T00:05:09 IST" duration-ms="711" status="PASS">
          <params>
            <param index="0">
              <value>
                <![CDATA[test]]>
              </value>
            </param>
            <param index="1">
              <value>
                <![CDATA[test]]>
              </value>
            </param>
            <param index="2">
              <value>
                <![CDATA[Fail]]>
              </value>
            </param>
          </params>
          <reporter-output>
          </reporter-output>
        </test-method> <!-- LoginTest -->
        <test-method is-config="true" signature="teardown()[pri:0, instance:SwagLabsProject.SAuceProject.TestRunner3@459e9125]" started-at="2025-06-08T00:05:09 IST" name="teardown" finished-at="2025-06-08T00:05:10 IST" duration-ms="749" status="PASS">
          <reporter-output>
          </reporter-output>
        </test-method> <!-- teardown -->
        <test-method is-config="true" signature="initialSetup()[pri:0, instance:SwagLabsProject.SAuceProject.TestRunner3@459e9125]" started-at="2025-06-08T00:05:10 IST" name="initialSetup" finished-at="2025-06-08T00:05:15 IST" duration-ms="4840" status="PASS">
          <reporter-output>
          </reporter-output>
        </test-method> <!-- initialSetup -->
        <test-method signature="LoginTest(java.lang.String,java.lang.String,java.lang.String)[pri:0, instance:SwagLabsProject.SAuceProject.TestRunner3@459e9125]" started-at="2025-06-08T00:05:15 IST" name="LoginTest" data-provider="loginExcelDataProvider" finished-at="2025-06-08T00:05:16 IST" duration-ms="990" status="PASS">
          <params>
            <param index="0">
              <value>
                <![CDATA[standard_user]]>
              </value>
            </param>
            <param index="1">
              <value>
                <![CDATA[secret_sauce]]>
              </value>
            </param>
            <param index="2">
              <value>
                <![CDATA[Pass]]>
              </value>
            </param>
          </params>
          <reporter-output>
          </reporter-output>
        </test-method> <!-- LoginTest -->
        <test-method is-config="true" signature="teardown()[pri:0, instance:SwagLabsProject.SAuceProject.TestRunner3@459e9125]" started-at="2025-06-08T00:05:16 IST" name="teardown" finished-at="2025-06-08T00:05:17 IST" duration-ms="1394" status="PASS">
          <reporter-output>
          </reporter-output>
        </test-method> <!-- teardown -->
      </class> <!-- SwagLabsProject.SAuceProject.TestRunner3 -->
    </test> <!-- Default test -->
  </suite> <!-- Default suite -->
</testng-results>
